0 info it worked if it ends with ok
1 verbose cli [ 'node', '/usr/local/bin/npm', 'start' ]
2 info using npm@2.9.1
3 info using node@v0.10.35
4 verbose node symlink /usr/local/bin/node
5 verbose stack Error: Failed to parse json
5 verbose stack Unexpected token '/' at 7:3
5 verbose stack  //    "start" : "nodemon ./bin/www"
5 verbose stack   ^
5 verbose stack     at parseError (/usr/local/lib/node_modules/npm/node_modules/read-package-json/read-json.js:379:11)
5 verbose stack     at parseJson (/usr/local/lib/node_modules/npm/node_modules/read-package-json/read-json.js:68:23)
5 verbose stack     at /usr/local/lib/node_modules/npm/node_modules/read-package-json/read-json.js:48:5
5 verbose stack     at evalmachine.<anonymous>:272:14
5 verbose stack     at /usr/local/lib/node_modules/npm/node_modules/graceful-fs/graceful-fs.js:102:5
5 verbose stack     at Object.oncomplete (evalmachine.<anonymous>:108:15)
6 verbose cwd /Users/suthaw/Desktop/node10/user_login_system
7 error Darwin 14.1.0
8 error argv "node" "/usr/local/bin/npm" "start"
9 error node v0.10.35
10 error npm  v2.9.1
11 error file /Users/suthaw/Desktop/node10/user_login_system/package.json
12 error code EJSONPARSE
13 error Failed to parse json
13 error Unexpected token '/' at 7:3
13 error  //    "start" : "nodemon ./bin/www"
13 error   ^
14 error File: /Users/suthaw/Desktop/node10/user_login_system/package.json
15 error Failed to parse package.json data.
15 error package.json must be actual JSON, not just JavaScript.
15 error
15 error This is not a bug in npm.
15 error Tell the package author to fix their package.json file. JSON.parse
16 verbose exit [ 1, true ]
